2023-09-18 10:46:02-log: [Package] menu@1.0.0 enable
2023-09-18 10:46:02-log: [Package] profile@1.0.0 enable
2023-09-18 10:46:02-log: [Package] messages@1.0.0 enable
2023-09-18 10:46:02-log: [Package] program@1.0.0 enable
2023-09-18 10:46:02-log: [Package] device@1.0.1 enable
2023-09-18 10:46:02-log: [Package] ui-kit@1.0.1 enable
2023-09-18 10:46:02-log: [Package] tester@1.0.0 enable
2023-09-18 10:46:02-log: [Package] preferences@1.0.0 enable
2023-09-18 10:46:03-log: Setup mods mgr.: 267.674ms
2023-09-18 10:46:03-log: [Package] engine@1.0.5 enable
2023-09-18 10:46:05-log: [Package] programming@1.0.0 enable
2023-09-18 10:46:05-log: [Package] asset-db@1.0.0 enable
2023-09-18 10:46:05-log: [Package] console@1.0.0 enable
2023-09-18 10:46:05-log: [Package] scene@1.0.0 enable
2023-09-18 10:46:06-log: [Package] server@1.0.0 enable
2023-09-18 10:46:06-log: [Package] utils@1.0.0 enable
2023-09-18 10:46:06-log: [Package] assets@1.0.0 enable
2023-09-18 10:46:06-log: [Package] inspector@1.0.0 enable
2023-09-18 10:46:06-log: [Package] hierarchy@1.0.0 enable
2023-09-18 10:46:07-log: [Package] preview@1.0.1 enable
2023-09-18 10:46:07-log: [Package] animator@1.0.0 enable
2023-09-18 10:46:08-log: [Package] builder@1.2.8 enable
2023-09-18 10:46:08-log: [Package] node-library@1.0.0 enable
2023-09-18 10:46:08-log: [Package] shortcuts@1.0.1 enable
2023-09-18 10:46:08-log: [Package] importer@1.0.0 enable
2023-09-18 10:46:08-log: [Package] package-asset@1.0.0 enable
2023-09-18 10:46:08-log: [Package] reference-image@1.0.0 enable
2023-09-18 10:46:08-log: [Package] channel-upload-tools@1.0.0 enable
2023-09-18 10:46:08-log: [Package] runtime-dev-tools@1.0.0 enable
2023-09-18 10:46:08-log: [Package] alipay-mini-game@1.0.0 enable
2023-09-18 10:46:08-log: [Package] android@1.0.0 enable
2023-09-18 10:46:08-log: [Package] baidu-mini-game@1.0.0 enable
2023-09-18 10:46:08-log: [Package] bytedance-mini-game@1.0.0 enable
2023-09-18 10:46:08-log: [Package] huawei-agc@1.0.0 enable
2023-09-18 10:46:08-log: [Package] ios@1.0.0 enable
2023-09-18 10:46:08-log: [Package] ios-app-clip@1.0.0 enable
2023-09-18 10:46:08-log: [Package] mac@1.0.0 enable
2023-09-18 10:46:08-log: [Package] native@1.0.0 enable
2023-09-18 10:46:08-log: [Package] ohos@1.0.0 enable
2023-09-18 10:46:08-log: [Package] web-desktop@1.0.0 enable
2023-09-18 10:46:08-log: [Package] web-mobile@1.0.0 enable
2023-09-18 10:46:08-log: [Package] wechatgame@1.0.0 enable
2023-09-18 10:46:08-log: [Package] windows@1.0.0 enable
2023-09-18 10:46:08-log: [Package] xiaomi-quick-game@1.0.0 enable
2023-09-18 10:46:08-log: [Package] cocos-play@1.0.0 enable
2023-09-18 10:46:08-log: [Package] huawei-quick-game@1.0.0 enable
2023-09-18 10:46:09-log: [Package] link-sure@1.0.0 enable
2023-09-18 10:46:09-log: [Package] oppo-mini-game@1.0.0 enable
2023-09-18 10:46:09-log: [Package] qtt@1.0.0 enable
2023-09-18 10:46:09-log: [Package] vivo-mini-game@1.0.0 enable
2023-09-18 10:46:09-log: [Package] cocos-service@3.0.1 enable
2023-09-18 10:46:09-log: [Package] extension@3.0.8 enable
2023-09-18 10:46:09-log: [Package] im-plugin@3.0.6 enable
2023-09-18 10:46:09-log: [Package] lightmap@1.0.3 enable
2023-09-18 10:46:09-warn: [Asset DB] Please specifiy a default value for "cc._internal.migrate-animation_clip-3-3-0.Helper.duration" property at its declaration:

 
// Before:
@property(...)
myProp;
// After:
@property(...)
myProp = 0;
2023-09-18 10:46:09-warn: [Asset DB] Please specifiy a default value for "cc._internal.migrate-animation_clip-3-3-0.Helper._keys" property at its declaration:

 
// Before:
@property(...)
myProp;
// After:
@property(...)
myProp = 0;
2023-09-18 10:46:09-warn: [Asset DB] Please specifiy a default value for "cc._internal.migrate-animation_clip-3-3-0.Helper._curves" property at its declaration:

 
// Before:
@property(...)
myProp;
// After:
@property(...)
myProp = 0;
2023-09-18 10:46:09-warn: [Asset DB] Please specifiy a default value for "cc._internal.migrate-animation_clip-3-3-0.Helper._commonTargets" property at its declaration:

 
// Before:
@property(...)
myProp;
// After:
@property(...)
myProp = 0;
2023-09-18 10:46:17-warn: [Asset DB] 材质 [lambert1] 的 [Transparent color] 属性不允许是贴图。 [{asset(5a1e460d-2488-43a0-bb29-5fa04633aad4)}]
2023-09-18 10:46:20-warn: Browserslist: caniuse-lite is outdated. Please run:
npx browserslist@latest --update-db

Why you should do it regularly:
https://github.com/browserslist/browserslist#browsers-data-updating
2023-09-18 10:46:31-log: [Scene] begin init
2023-09-18 10:46:31-log: [Scene] require engine end
2023-09-18 10:46:31-log: [Scene] Serialize end
2023-09-18 10:46:31-log: [Scene] configureStartup end
2023-09-18 10:46:31-info: [Scene] WebGL2 device initialized.
2023-09-18 10:46:31-log: [Scene] Cocos Creator v3.3.0
2023-09-18 10:46:38-log: [Scene] No need to specify the "type" of "ADIronConfig.btn_size" because cc.Vec2 is a child class of ValueType.
2023-09-18 10:46:38-log: [Scene] No need to specify the "type" of "ADIronConfig.btn_pos" because cc.Vec2 is a child class of ValueType.
2023-09-18 10:46:38-log: [Scene] No need to specify the "type" of "textTure2DAndOffset.offset" because cc.Vec2 is a child class of ValueType.
2023-09-18 10:46:40-info: [Scene] Forward render pipeline initialized.
2023-09-18 10:46:40-log: [Scene] openEngine end
2023-09-18 10:46:40-log: [Scene] configureEngine end
2023-09-18 10:46:41-log: [Scene] No need to specify the "type" of "ADIronConfig.btn_size" because cc.Vec2 is a child class of ValueType.
2023-09-18 10:46:41-log: [Scene] No need to specify the "type" of "ADIronConfig.btn_pos" because cc.Vec2 is a child class of ValueType.
2023-09-18 10:46:41-log: [Scene] No need to specify the "type" of "textTure2DAndOffset.offset" because cc.Vec2 is a child class of ValueType.
2023-09-18 10:46:47-warn: [Asset DB] You are trying to destroy a object twice or more.
2023-09-18 10:46:47-warn: [Asset DB] You are trying to destroy a object twice or more.
